mode: set
github.com/ingresso-group/goticketswitch.v2/config.go:14.54,20.2 1 0
github.com/ingresso-group/goticketswitch.v2/error.go:14.33,16.2 1 1
github.com/ingresso-group/goticketswitch.v2/error.go:18.39,21.16 3 1
github.com/ingresso-group/goticketswitch.v2/error.go:25.2,25.43 1 1
github.com/ingresso-group/goticketswitch.v2/error.go:28.2,28.12 1 1
github.com/ingresso-group/goticketswitch.v2/error.go:21.16,23.3 1 0
github.com/ingresso-group/goticketswitch.v2/error.go:25.43,27.3 1 1
github.com/ingresso-group/goticketswitch.v2/client.go:49.40,55.2 2 1
github.com/ingresso-group/goticketswitch.v2/client.go:57.60,60.16 2 1
github.com/ingresso-group/goticketswitch.v2/client.go:64.2,66.30 2 1
github.com/ingresso-group/goticketswitch.v2/client.go:72.2,72.37 1 1
github.com/ingresso-group/goticketswitch.v2/client.go:80.2,80.33 1 1
github.com/ingresso-group/goticketswitch.v2/client.go:84.2,86.15 3 1
github.com/ingresso-group/goticketswitch.v2/client.go:60.16,62.3 1 1
github.com/ingresso-group/goticketswitch.v2/client.go:66.30,67.24 1 1
github.com/ingresso-group/goticketswitch.v2/client.go:67.24,69.4 1 1
github.com/ingresso-group/goticketswitch.v2/client.go:72.37,73.31 1 1
github.com/ingresso-group/goticketswitch.v2/client.go:76.3,77.51 2 1
github.com/ingresso-group/goticketswitch.v2/client.go:73.31,75.4 1 1
github.com/ingresso-group/goticketswitch.v2/client.go:80.33,82.3 1 1
github.com/ingresso-group/goticketswitch.v2/client.go:89.50,92.2 2 1
github.com/ingresso-group/goticketswitch.v2/client.go:94.52,95.34 1 1
github.com/ingresso-group/goticketswitch.v2/client.go:99.2,99.37 1 1
github.com/ingresso-group/goticketswitch.v2/client.go:109.2,109.12 1 1
github.com/ingresso-group/goticketswitch.v2/client.go:95.34,97.3 1 1
github.com/ingresso-group/goticketswitch.v2/client.go:99.37,100.31 1 1
github.com/ingresso-group/goticketswitch.v2/client.go:103.3,103.35 1 1
github.com/ingresso-group/goticketswitch.v2/client.go:107.3,107.96 1 1
github.com/ingresso-group/goticketswitch.v2/client.go:100.31,102.4 1 1
github.com/ingresso-group/goticketswitch.v2/client.go:103.35,105.4 1 1
github.com/ingresso-group/goticketswitch.v2/client.go:113.73,115.16 2 1
github.com/ingresso-group/goticketswitch.v2/client.go:118.2,119.16 2 1
github.com/ingresso-group/goticketswitch.v2/client.go:123.2,124.21 2 1
github.com/ingresso-group/goticketswitch.v2/client.go:133.2,134.16 2 1
github.com/ingresso-group/goticketswitch.v2/client.go:137.2,140.16 3 1
github.com/ingresso-group/goticketswitch.v2/client.go:143.2,143.8 1 1
github.com/ingresso-group/goticketswitch.v2/client.go:115.16,117.3 1 1
github.com/ingresso-group/goticketswitch.v2/client.go:119.16,121.3 1 1
github.com/ingresso-group/goticketswitch.v2/client.go:124.21,126.17 2 1
github.com/ingresso-group/goticketswitch.v2/client.go:129.3,130.53 2 1
github.com/ingresso-group/goticketswitch.v2/client.go:126.17,128.4 1 1
github.com/ingresso-group/goticketswitch.v2/client.go:134.16,136.3 1 1
github.com/ingresso-group/goticketswitch.v2/client.go:140.16,142.3 1 1
github.com/ingresso-group/goticketswitch.v2/client.go:147.45,150.16 3 1
github.com/ingresso-group/goticketswitch.v2/client.go:154.2,155.16 2 1
github.com/ingresso-group/goticketswitch.v2/client.go:158.2,161.16 3 1
github.com/ingresso-group/goticketswitch.v2/client.go:165.2,167.16 3 1
github.com/ingresso-group/goticketswitch.v2/client.go:171.2,171.19 1 1
github.com/ingresso-group/goticketswitch.v2/client.go:150.16,152.3 1 1
github.com/ingresso-group/goticketswitch.v2/client.go:155.16,157.3 1 1
github.com/ingresso-group/goticketswitch.v2/client.go:161.16,163.3 1 1
github.com/ingresso-group/goticketswitch.v2/client.go:167.16,169.3 1 1
github.com/ingresso-group/goticketswitch.v2/client.go:194.62,197.25 2 1
github.com/ingresso-group/goticketswitch.v2/client.go:200.2,200.41 1 1
github.com/ingresso-group/goticketswitch.v2/client.go:204.2,204.22 1 1
github.com/ingresso-group/goticketswitch.v2/client.go:207.2,207.20 1 1
github.com/ingresso-group/goticketswitch.v2/client.go:210.2,210.18 1 1
github.com/ingresso-group/goticketswitch.v2/client.go:222.2,222.22 1 1
github.com/ingresso-group/goticketswitch.v2/client.go:225.2,225.27 1 1
github.com/ingresso-group/goticketswitch.v2/client.go:229.2,229.27 1 1
github.com/ingresso-group/goticketswitch.v2/client.go:233.2,233.25 1 1
github.com/ingresso-group/goticketswitch.v2/client.go:237.2,237.26 1 1
github.com/ingresso-group/goticketswitch.v2/client.go:241.2,241.26 1 1
github.com/ingresso-group/goticketswitch.v2/client.go:245.2,245.29 1 1
github.com/ingresso-group/goticketswitch.v2/client.go:248.2,248.23 1 1
github.com/ingresso-group/goticketswitch.v2/client.go:251.2,251.29 1 1
github.com/ingresso-group/goticketswitch.v2/client.go:255.2,255.34 1 1
github.com/ingresso-group/goticketswitch.v2/client.go:258.2,258.10 1 1
github.com/ingresso-group/goticketswitch.v2/client.go:197.25,199.3 1 1
github.com/ingresso-group/goticketswitch.v2/client.go:200.41,203.3 2 1
github.com/ingresso-group/goticketswitch.v2/client.go:204.22,206.3 1 1
github.com/ingresso-group/goticketswitch.v2/client.go:207.20,209.3 1 1
github.com/ingresso-group/goticketswitch.v2/client.go:210.18,221.3 10 1
github.com/ingresso-group/goticketswitch.v2/client.go:222.22,224.3 1 1
github.com/ingresso-group/goticketswitch.v2/client.go:225.27,228.3 2 1
github.com/ingresso-group/goticketswitch.v2/client.go:229.27,232.3 2 1
github.com/ingresso-group/goticketswitch.v2/client.go:233.25,236.3 2 1
github.com/ingresso-group/goticketswitch.v2/client.go:237.26,240.3 2 1
github.com/ingresso-group/goticketswitch.v2/client.go:241.26,244.3 2 1
github.com/ingresso-group/goticketswitch.v2/client.go:245.29,247.3 1 1
github.com/ingresso-group/goticketswitch.v2/client.go:248.23,250.3 1 1
github.com/ingresso-group/goticketswitch.v2/client.go:251.29,253.3 1 1
github.com/ingresso-group/goticketswitch.v2/client.go:255.34,257.3 1 1
github.com/ingresso-group/goticketswitch.v2/client.go:269.64,271.27 2 1
github.com/ingresso-group/goticketswitch.v2/client.go:274.2,274.27 1 1
github.com/ingresso-group/goticketswitch.v2/client.go:277.2,277.10 1 1
github.com/ingresso-group/goticketswitch.v2/client.go:271.27,273.3 1 1
github.com/ingresso-group/goticketswitch.v2/client.go:274.27,276.3 1 1
github.com/ingresso-group/goticketswitch.v2/client.go:295.60,298.30 2 1
github.com/ingresso-group/goticketswitch.v2/client.go:302.2,302.65 1 1
github.com/ingresso-group/goticketswitch.v2/client.go:306.2,306.30 1 1
github.com/ingresso-group/goticketswitch.v2/client.go:310.2,310.27 1 1
github.com/ingresso-group/goticketswitch.v2/client.go:314.2,314.51 1 1
github.com/ingresso-group/goticketswitch.v2/client.go:318.2,318.24 1 1
github.com/ingresso-group/goticketswitch.v2/client.go:322.2,322.28 1 1
github.com/ingresso-group/goticketswitch.v2/client.go:326.2,326.39 1 1
github.com/ingresso-group/goticketswitch.v2/client.go:330.2,330.40 1 1
github.com/ingresso-group/goticketswitch.v2/client.go:334.2,334.15 1 1
github.com/ingresso-group/goticketswitch.v2/client.go:298.30,300.3 1 1
github.com/ingresso-group/goticketswitch.v2/client.go:302.65,304.3 1 1
github.com/ingresso-group/goticketswitch.v2/client.go:306.30,308.3 1 1
github.com/ingresso-group/goticketswitch.v2/client.go:310.27,312.3 1 1
github.com/ingresso-group/goticketswitch.v2/client.go:314.51,316.3 1 1
github.com/ingresso-group/goticketswitch.v2/client.go:318.24,320.3 1 1
github.com/ingresso-group/goticketswitch.v2/client.go:322.28,324.3 1 1
github.com/ingresso-group/goticketswitch.v2/client.go:326.39,328.3 1 1
github.com/ingresso-group/goticketswitch.v2/client.go:330.40,332.3 1 1
github.com/ingresso-group/goticketswitch.v2/client.go:339.88,341.19 2 1
github.com/ingresso-group/goticketswitch.v2/client.go:345.2,346.16 2 1
github.com/ingresso-group/goticketswitch.v2/client.go:350.2,351.16 2 1
github.com/ingresso-group/goticketswitch.v2/client.go:354.2,357.16 3 1
github.com/ingresso-group/goticketswitch.v2/client.go:361.2,363.16 3 1
github.com/ingresso-group/goticketswitch.v2/client.go:367.2,368.9 2 1
github.com/ingresso-group/goticketswitch.v2/client.go:372.2,375.16 3 1
github.com/ingresso-group/goticketswitch.v2/client.go:379.2,381.8 2 1
github.com/ingresso-group/goticketswitch.v2/client.go:391.2,391.22 1 1
github.com/ingresso-group/goticketswitch.v2/client.go:341.19,343.3 1 1
github.com/ingresso-group/goticketswitch.v2/client.go:346.16,348.3 1 1
github.com/ingresso-group/goticketswitch.v2/client.go:351.16,353.3 1 1
github.com/ingresso-group/goticketswitch.v2/client.go:357.16,359.3 1 0
github.com/ingresso-group/goticketswitch.v2/client.go:363.16,365.3 1 0
github.com/ingresso-group/goticketswitch.v2/client.go:368.9,370.3 1 0
github.com/ingresso-group/goticketswitch.v2/client.go:375.16,377.3 1 0
github.com/ingresso-group/goticketswitch.v2/client.go:381.8,385.17 3 1
github.com/ingresso-group/goticketswitch.v2/client.go:388.3,388.34 1 1
github.com/ingresso-group/goticketswitch.v2/client.go:385.17,387.4 1 0
github.com/ingresso-group/goticketswitch.v2/client.go:403.104,405.19 2 1
github.com/ingresso-group/goticketswitch.v2/client.go:409.2,412.16 3 1
github.com/ingresso-group/goticketswitch.v2/client.go:416.2,417.16 2 1
github.com/ingresso-group/goticketswitch.v2/client.go:420.2,425.16 4 1
github.com/ingresso-group/goticketswitch.v2/client.go:429.2,431.16 3 1
github.com/ingresso-group/goticketswitch.v2/client.go:435.2,436.39 2 1
github.com/ingresso-group/goticketswitch.v2/client.go:440.2,440.20 1 1
github.com/ingresso-group/goticketswitch.v2/client.go:405.19,407.3 1 0
github.com/ingresso-group/goticketswitch.v2/client.go:412.16,414.3 1 0
github.com/ingresso-group/goticketswitch.v2/client.go:417.16,419.3 1 0
github.com/ingresso-group/goticketswitch.v2/client.go:425.16,427.3 1 0
github.com/ingresso-group/goticketswitch.v2/client.go:431.16,433.3 1 0
github.com/ingresso-group/goticketswitch.v2/client.go:436.39,438.3 1 1
github.com/ingresso-group/goticketswitch.v2/client.go:448.89,451.16 2 1
github.com/ingresso-group/goticketswitch.v2/client.go:455.2,456.9 2 1
github.com/ingresso-group/goticketswitch.v2/client.go:460.2,460.19 1 1
github.com/ingresso-group/goticketswitch.v2/client.go:451.16,453.3 1 0
github.com/ingresso-group/goticketswitch.v2/client.go:456.9,458.3 1 0
github.com/ingresso-group/goticketswitch.v2/client.go:474.66,477.26 2 1
github.com/ingresso-group/goticketswitch.v2/client.go:481.2,481.65 1 1
github.com/ingresso-group/goticketswitch.v2/client.go:485.2,485.40 1 1
github.com/ingresso-group/goticketswitch.v2/client.go:489.2,489.39 1 1
github.com/ingresso-group/goticketswitch.v2/client.go:493.2,493.15 1 1
github.com/ingresso-group/goticketswitch.v2/client.go:477.26,479.3 1 1
github.com/ingresso-group/goticketswitch.v2/client.go:481.65,483.3 1 1
github.com/ingresso-group/goticketswitch.v2/client.go:485.40,487.3 1 1
github.com/ingresso-group/goticketswitch.v2/client.go:489.39,491.3 1 1
github.com/ingresso-group/goticketswitch.v2/client.go:497.106,499.19 2 1
github.com/ingresso-group/goticketswitch.v2/client.go:503.2,504.16 2 1
github.com/ingresso-group/goticketswitch.v2/client.go:508.2,509.16 2 1
github.com/ingresso-group/goticketswitch.v2/client.go:512.2,515.16 3 1
github.com/ingresso-group/goticketswitch.v2/client.go:519.2,521.16 3 1
github.com/ingresso-group/goticketswitch.v2/client.go:525.2,526.9 2 1
github.com/ingresso-group/goticketswitch.v2/client.go:530.2,530.22 1 1
github.com/ingresso-group/goticketswitch.v2/client.go:499.19,501.3 1 1
github.com/ingresso-group/goticketswitch.v2/client.go:504.16,506.3 1 0
github.com/ingresso-group/goticketswitch.v2/client.go:509.16,511.3 1 0
github.com/ingresso-group/goticketswitch.v2/client.go:515.16,517.3 1 1
github.com/ingresso-group/goticketswitch.v2/client.go:521.16,523.3 1 0
github.com/ingresso-group/goticketswitch.v2/client.go:526.9,528.3 1 0
github.com/ingresso-group/goticketswitch.v2/client.go:534.112,536.19 2 0
github.com/ingresso-group/goticketswitch.v2/client.go:539.2,542.16 3 0
github.com/ingresso-group/goticketswitch.v2/client.go:546.2,547.16 2 0
github.com/ingresso-group/goticketswitch.v2/client.go:550.2,555.16 4 0
github.com/ingresso-group/goticketswitch.v2/client.go:559.2,561.16 3 0
github.com/ingresso-group/goticketswitch.v2/client.go:565.2,565.22 1 0
github.com/ingresso-group/goticketswitch.v2/client.go:536.19,538.3 1 0
github.com/ingresso-group/goticketswitch.v2/client.go:542.16,544.3 1 0
github.com/ingresso-group/goticketswitch.v2/client.go:547.16,549.3 1 0
github.com/ingresso-group/goticketswitch.v2/client.go:555.16,557.3 1 0
github.com/ingresso-group/goticketswitch.v2/client.go:561.16,563.3 1 0
github.com/ingresso-group/goticketswitch.v2/client.go:569.83,571.19 2 1
github.com/ingresso-group/goticketswitch.v2/client.go:575.2,576.16 2 1
github.com/ingresso-group/goticketswitch.v2/client.go:580.2,583.16 4 1
github.com/ingresso-group/goticketswitch.v2/client.go:587.2,589.27 2 1
github.com/ingresso-group/goticketswitch.v2/client.go:571.19,573.3 1 1
github.com/ingresso-group/goticketswitch.v2/client.go:576.16,578.3 1 0
github.com/ingresso-group/goticketswitch.v2/client.go:583.16,585.3 1 0
github.com/ingresso-group/goticketswitch.v2/geo.go:16.51,23.2 3 1
github.com/ingresso-group/goticketswitch.v2/geo.go:27.66,33.2 2 1
github.com/ingresso-group/goticketswitch.v2/geo.go:36.34,37.22 1 1
github.com/ingresso-group/goticketswitch.v2/geo.go:41.2,41.45 1 1
github.com/ingresso-group/goticketswitch.v2/geo.go:45.2,45.47 1 1
github.com/ingresso-group/goticketswitch.v2/geo.go:49.2,49.13 1 1
github.com/ingresso-group/goticketswitch.v2/geo.go:37.22,39.3 1 1
github.com/ingresso-group/goticketswitch.v2/geo.go:41.45,43.3 1 1
github.com/ingresso-group/goticketswitch.v2/geo.go:45.47,47.3 1 1
github.com/ingresso-group/goticketswitch.v2/geo.go:54.36,56.2 1 1
github.com/ingresso-group/goticketswitch.v2/request.go:20.69,30.2 2 1
github.com/ingresso-group/goticketswitch.v2/request.go:33.57,34.27 1 1
github.com/ingresso-group/goticketswitch.v2/request.go:34.27,36.3 1 1
github.com/ingresso-group/goticketswitch.v2/availability.go:70.65,73.30 2 0
github.com/ingresso-group/goticketswitch.v2/availability.go:77.2,77.22 1 0
github.com/ingresso-group/goticketswitch.v2/availability.go:81.2,81.25 1 0
github.com/ingresso-group/goticketswitch.v2/availability.go:85.2,85.23 1 0
github.com/ingresso-group/goticketswitch.v2/availability.go:89.2,89.27 1 0
github.com/ingresso-group/goticketswitch.v2/availability.go:93.2,93.39 1 0
github.com/ingresso-group/goticketswitch.v2/availability.go:97.2,97.15 1 0
github.com/ingresso-group/goticketswitch.v2/availability.go:73.30,75.3 1 0
github.com/ingresso-group/goticketswitch.v2/availability.go:77.22,79.3 1 0
github.com/ingresso-group/goticketswitch.v2/availability.go:81.25,83.3 1 0
github.com/ingresso-group/goticketswitch.v2/availability.go:85.23,87.3 1 0
github.com/ingresso-group/goticketswitch.v2/availability.go:89.27,91.3 1 0
github.com/ingresso-group/goticketswitch.v2/availability.go:93.39,95.3 1 0
github.com/ingresso-group/goticketswitch.v2/utils.go:18.45,21.18 3 1
github.com/ingresso-group/goticketswitch.v2/utils.go:24.2,24.16 1 1
github.com/ingresso-group/goticketswitch.v2/utils.go:28.2,30.16 2 1
github.com/ingresso-group/goticketswitch.v2/utils.go:34.2,34.25 1 1
github.com/ingresso-group/goticketswitch.v2/utils.go:21.18,23.3 1 1
github.com/ingresso-group/goticketswitch.v2/utils.go:24.16,26.3 1 0
github.com/ingresso-group/goticketswitch.v2/utils.go:30.16,32.3 1 1
github.com/ingresso-group/goticketswitch.v2/utils.go:39.53,40.34 1 1
github.com/ingresso-group/goticketswitch.v2/utils.go:44.2,45.20 2 1
github.com/ingresso-group/goticketswitch.v2/utils.go:48.2,49.18 2 1
github.com/ingresso-group/goticketswitch.v2/utils.go:52.2,52.21 1 1
github.com/ingresso-group/goticketswitch.v2/utils.go:40.34,42.3 1 1
github.com/ingresso-group/goticketswitch.v2/utils.go:45.20,47.3 1 1
github.com/ingresso-group/goticketswitch.v2/utils.go:49.18,51.3 1 1
