mode: atomic
github.com/ingresso-group/goticketswitch.v2/email_check.go:10.60,13.39 2 3
github.com/ingresso-group/goticketswitch.v2/email_check.go:16.2,18.15 2 3
github.com/ingresso-group/goticketswitch.v2/email_check.go:13.39,15.3 1 0
github.com/ingresso-group/goticketswitch.v2/error.go:20.33,22.2 1 2
github.com/ingresso-group/goticketswitch.v2/error.go:24.47,26.40 2 9
github.com/ingresso-group/goticketswitch.v2/error.go:29.2,31.16 3 9
github.com/ingresso-group/goticketswitch.v2/error.go:35.2,35.34 1 9
github.com/ingresso-group/goticketswitch.v2/error.go:38.2,38.95 1 9
github.com/ingresso-group/goticketswitch.v2/error.go:41.2,41.12 1 1
github.com/ingresso-group/goticketswitch.v2/error.go:26.40,28.3 1 1
github.com/ingresso-group/goticketswitch.v2/error.go:31.16,33.3 1 0
github.com/ingresso-group/goticketswitch.v2/error.go:35.34,37.3 1 2
github.com/ingresso-group/goticketswitch.v2/error.go:38.95,40.3 1 8
github.com/ingresso-group/goticketswitch.v2/customer.go:26.54,48.41 2 5
github.com/ingresso-group/goticketswitch.v2/customer.go:51.2,51.37 1 5
github.com/ingresso-group/goticketswitch.v2/customer.go:54.2,54.38 1 5
github.com/ingresso-group/goticketswitch.v2/customer.go:58.2,58.15 1 5
github.com/ingresso-group/goticketswitch.v2/customer.go:48.41,50.3 1 1
github.com/ingresso-group/goticketswitch.v2/customer.go:51.37,53.3 1 1
github.com/ingresso-group/goticketswitch.v2/customer.go:54.38,56.3 1 1
github.com/ingresso-group/goticketswitch.v2/cancellation.go:14.59,16.38 1 3
github.com/ingresso-group/goticketswitch.v2/cancellation.go:19.2,19.48 1 2
github.com/ingresso-group/goticketswitch.v2/cancellation.go:26.2,26.13 1 1
github.com/ingresso-group/goticketswitch.v2/cancellation.go:16.38,18.3 1 1
github.com/ingresso-group/goticketswitch.v2/cancellation.go:19.48,20.39 1 2
github.com/ingresso-group/goticketswitch.v2/cancellation.go:20.39,21.47 1 3
github.com/ingresso-group/goticketswitch.v2/cancellation.go:21.47,23.5 1 1
github.com/ingresso-group/goticketswitch.v2/config.go:14.54,20.2 1 0
github.com/ingresso-group/goticketswitch.v2/geo.go:16.51,23.2 3 10
github.com/ingresso-group/goticketswitch.v2/geo.go:27.66,33.2 2 1
github.com/ingresso-group/goticketswitch.v2/geo.go:36.34,37.22 1 8
github.com/ingresso-group/goticketswitch.v2/geo.go:41.2,41.45 1 6
github.com/ingresso-group/goticketswitch.v2/geo.go:45.2,45.47 1 4
github.com/ingresso-group/goticketswitch.v2/geo.go:49.2,49.13 1 2
github.com/ingresso-group/goticketswitch.v2/geo.go:37.22,39.3 1 2
github.com/ingresso-group/goticketswitch.v2/geo.go:41.45,43.3 1 2
github.com/ingresso-group/goticketswitch.v2/geo.go:45.47,47.3 1 2
github.com/ingresso-group/goticketswitch.v2/geo.go:54.36,56.2 1 3
github.com/ingresso-group/goticketswitch.v2/reservation.go:44.65,52.36 6 4
github.com/ingresso-group/goticketswitch.v2/reservation.go:56.2,56.44 1 4
github.com/ingresso-group/goticketswitch.v2/reservation.go:60.2,60.40 1 4
github.com/ingresso-group/goticketswitch.v2/reservation.go:64.2,64.56 1 4
github.com/ingresso-group/goticketswitch.v2/reservation.go:68.2,68.31 1 4
github.com/ingresso-group/goticketswitch.v2/reservation.go:72.2,72.27 1 4
github.com/ingresso-group/goticketswitch.v2/reservation.go:76.2,76.39 1 4
github.com/ingresso-group/goticketswitch.v2/reservation.go:80.2,80.15 1 4
github.com/ingresso-group/goticketswitch.v2/reservation.go:52.36,54.3 1 1
github.com/ingresso-group/goticketswitch.v2/reservation.go:56.44,58.3 1 6
github.com/ingresso-group/goticketswitch.v2/reservation.go:60.40,62.3 1 5
github.com/ingresso-group/goticketswitch.v2/reservation.go:64.56,66.3 1 1
github.com/ingresso-group/goticketswitch.v2/reservation.go:68.31,70.3 1 1
github.com/ingresso-group/goticketswitch.v2/reservation.go:72.27,74.3 1 1
github.com/ingresso-group/goticketswitch.v2/reservation.go:76.39,78.3 1 0
github.com/ingresso-group/goticketswitch.v2/utils.go:18.45,21.18 3 7
github.com/ingresso-group/goticketswitch.v2/utils.go:24.2,24.16 1 7
github.com/ingresso-group/goticketswitch.v2/utils.go:28.2,30.16 2 7
github.com/ingresso-group/goticketswitch.v2/utils.go:34.2,34.25 1 6
github.com/ingresso-group/goticketswitch.v2/utils.go:21.18,23.3 1 7
github.com/ingresso-group/goticketswitch.v2/utils.go:24.16,26.3 1 0
github.com/ingresso-group/goticketswitch.v2/utils.go:30.16,32.3 1 1
github.com/ingresso-group/goticketswitch.v2/utils.go:39.53,40.34 1 25
github.com/ingresso-group/goticketswitch.v2/utils.go:44.2,45.20 2 7
github.com/ingresso-group/goticketswitch.v2/utils.go:48.2,49.18 2 7
github.com/ingresso-group/goticketswitch.v2/utils.go:52.2,52.21 1 7
github.com/ingresso-group/goticketswitch.v2/utils.go:40.34,42.3 1 18
github.com/ingresso-group/goticketswitch.v2/utils.go:45.20,47.3 1 6
github.com/ingresso-group/goticketswitch.v2/utils.go:49.18,51.3 1 6
github.com/ingresso-group/goticketswitch.v2/context.go:14.83,16.2 1 3
github.com/ingresso-group/goticketswitch.v2/context.go:19.63,22.2 2 41
github.com/ingresso-group/goticketswitch.v2/availability.go:72.65,75.30 2 1
github.com/ingresso-group/goticketswitch.v2/availability.go:79.2,79.22 1 1
github.com/ingresso-group/goticketswitch.v2/availability.go:83.2,83.25 1 1
github.com/ingresso-group/goticketswitch.v2/availability.go:87.2,87.23 1 1
github.com/ingresso-group/goticketswitch.v2/availability.go:91.2,91.27 1 1
github.com/ingresso-group/goticketswitch.v2/availability.go:95.2,95.39 1 1
github.com/ingresso-group/goticketswitch.v2/availability.go:99.2,99.15 1 1
github.com/ingresso-group/goticketswitch.v2/availability.go:75.30,77.3 1 1
github.com/ingresso-group/goticketswitch.v2/availability.go:79.22,81.3 1 1
github.com/ingresso-group/goticketswitch.v2/availability.go:83.25,85.3 1 0
github.com/ingresso-group/goticketswitch.v2/availability.go:87.23,89.3 1 0
github.com/ingresso-group/goticketswitch.v2/availability.go:91.27,93.3 1 0
github.com/ingresso-group/goticketswitch.v2/availability.go:95.39,97.3 1 0
github.com/ingresso-group/goticketswitch.v2/client.go:47.40,53.2 2 48
github.com/ingresso-group/goticketswitch.v2/client.go:55.60,58.16 2 47
github.com/ingresso-group/goticketswitch.v2/client.go:62.2,64.30 2 45
github.com/ingresso-group/goticketswitch.v2/client.go:70.2,70.37 1 45
github.com/ingresso-group/goticketswitch.v2/client.go:78.2,78.33 1 44
github.com/ingresso-group/goticketswitch.v2/client.go:82.2,84.15 3 44
github.com/ingresso-group/goticketswitch.v2/client.go:58.16,60.3 1 2
github.com/ingresso-group/goticketswitch.v2/client.go:64.30,65.24 1 31
github.com/ingresso-group/goticketswitch.v2/client.go:65.24,67.4 1 32
github.com/ingresso-group/goticketswitch.v2/client.go:70.37,71.31 1 2
github.com/ingresso-group/goticketswitch.v2/client.go:74.3,75.51 2 1
github.com/ingresso-group/goticketswitch.v2/client.go:71.31,73.4 1 1
github.com/ingresso-group/goticketswitch.v2/client.go:78.33,80.3 1 1
github.com/ingresso-group/goticketswitch.v2/client.go:87.50,90.2 2 41
github.com/ingresso-group/goticketswitch.v2/client.go:92.73,93.34 1 44
github.com/ingresso-group/goticketswitch.v2/client.go:97.2,97.37 1 44
github.com/ingresso-group/goticketswitch.v2/client.go:109.2,110.8 2 41
github.com/ingresso-group/goticketswitch.v2/client.go:113.2,113.12 1 41
github.com/ingresso-group/goticketswitch.v2/client.go:93.34,95.3 1 7
github.com/ingresso-group/goticketswitch.v2/client.go:97.37,98.31 1 44
github.com/ingresso-group/goticketswitch.v2/client.go:101.3,101.35 1 42
github.com/ingresso-group/goticketswitch.v2/client.go:105.3,105.96 1 41
github.com/ingresso-group/goticketswitch.v2/client.go:98.31,100.4 1 2
github.com/ingresso-group/goticketswitch.v2/client.go:101.35,103.4 1 1
github.com/ingresso-group/goticketswitch.v2/client.go:110.8,112.3 1 4
github.com/ingresso-group/goticketswitch.v2/client.go:117.94,119.16 2 41
github.com/ingresso-group/goticketswitch.v2/client.go:122.2,123.16 2 40
github.com/ingresso-group/goticketswitch.v2/client.go:127.2,128.21 2 39
github.com/ingresso-group/goticketswitch.v2/client.go:137.2,138.16 2 38
github.com/ingresso-group/goticketswitch.v2/client.go:141.2,145.16 4 37
github.com/ingresso-group/goticketswitch.v2/client.go:148.2,148.28 1 33
github.com/ingresso-group/goticketswitch.v2/client.go:151.2,151.8 1 33
github.com/ingresso-group/goticketswitch.v2/client.go:119.16,121.3 1 1
github.com/ingresso-group/goticketswitch.v2/client.go:123.16,125.3 1 1
github.com/ingresso-group/goticketswitch.v2/client.go:128.21,130.17 2 7
github.com/ingresso-group/goticketswitch.v2/client.go:133.3,134.53 2 6
github.com/ingresso-group/goticketswitch.v2/client.go:130.17,132.4 1 1
github.com/ingresso-group/goticketswitch.v2/client.go:138.16,140.3 1 1
github.com/ingresso-group/goticketswitch.v2/client.go:145.16,147.3 1 4
github.com/ingresso-group/goticketswitch.v2/client.go:148.28,150.3 1 5
github.com/ingresso-group/goticketswitch.v2/client.go:155.64,158.16 3 5
github.com/ingresso-group/goticketswitch.v2/client.go:161.2,166.16 5 3
github.com/ingresso-group/goticketswitch.v2/client.go:170.2,170.19 1 1
github.com/ingresso-group/goticketswitch.v2/client.go:158.16,160.3 1 2
github.com/ingresso-group/goticketswitch.v2/client.go:166.16,168.3 1 2
github.com/ingresso-group/goticketswitch.v2/client.go:193.62,196.25 2 57
github.com/ingresso-group/goticketswitch.v2/client.go:199.2,199.41 1 57
github.com/ingresso-group/goticketswitch.v2/client.go:203.2,203.22 1 57
github.com/ingresso-group/goticketswitch.v2/client.go:206.2,206.20 1 57
github.com/ingresso-group/goticketswitch.v2/client.go:209.2,209.18 1 57
github.com/ingresso-group/goticketswitch.v2/client.go:221.2,221.22 1 57
github.com/ingresso-group/goticketswitch.v2/client.go:224.2,224.27 1 57
github.com/ingresso-group/goticketswitch.v2/client.go:228.2,228.27 1 57
github.com/ingresso-group/goticketswitch.v2/client.go:232.2,232.25 1 57
github.com/ingresso-group/goticketswitch.v2/client.go:236.2,236.26 1 57
github.com/ingresso-group/goticketswitch.v2/client.go:240.2,240.26 1 57
github.com/ingresso-group/goticketswitch.v2/client.go:244.2,244.29 1 57
github.com/ingresso-group/goticketswitch.v2/client.go:247.2,247.23 1 57
github.com/ingresso-group/goticketswitch.v2/client.go:250.2,250.29 1 57
github.com/ingresso-group/goticketswitch.v2/client.go:254.2,254.34 1 57
github.com/ingresso-group/goticketswitch.v2/client.go:257.2,257.10 1 57
github.com/ingresso-group/goticketswitch.v2/client.go:196.25,198.3 1 1
github.com/ingresso-group/goticketswitch.v2/client.go:199.41,202.3 2 1
github.com/ingresso-group/goticketswitch.v2/client.go:203.22,205.3 1 1
github.com/ingresso-group/goticketswitch.v2/client.go:206.20,208.3 1 1
github.com/ingresso-group/goticketswitch.v2/client.go:209.18,220.3 10 1
github.com/ingresso-group/goticketswitch.v2/client.go:221.22,223.3 1 1
github.com/ingresso-group/goticketswitch.v2/client.go:224.27,227.3 2 1
github.com/ingresso-group/goticketswitch.v2/client.go:228.27,231.3 2 1
github.com/ingresso-group/goticketswitch.v2/client.go:232.25,235.3 2 1
github.com/ingresso-group/goticketswitch.v2/client.go:236.26,239.3 2 1
github.com/ingresso-group/goticketswitch.v2/client.go:240.26,243.3 2 1
github.com/ingresso-group/goticketswitch.v2/client.go:244.29,246.3 1 1
github.com/ingresso-group/goticketswitch.v2/client.go:247.23,249.3 1 3
github.com/ingresso-group/goticketswitch.v2/client.go:250.29,252.3 1 5
github.com/ingresso-group/goticketswitch.v2/client.go:254.34,256.3 1 2
github.com/ingresso-group/goticketswitch.v2/client.go:268.64,270.27 2 23
github.com/ingresso-group/goticketswitch.v2/client.go:273.2,273.27 1 23
github.com/ingresso-group/goticketswitch.v2/client.go:276.2,276.10 1 23
github.com/ingresso-group/goticketswitch.v2/client.go:270.27,272.3 1 3
github.com/ingresso-group/goticketswitch.v2/client.go:273.27,275.3 1 1
github.com/ingresso-group/goticketswitch.v2/client.go:294.60,297.30 2 11
github.com/ingresso-group/goticketswitch.v2/client.go:301.2,301.65 1 11
github.com/ingresso-group/goticketswitch.v2/client.go:305.2,305.30 1 11
github.com/ingresso-group/goticketswitch.v2/client.go:309.2,309.27 1 11
github.com/ingresso-group/goticketswitch.v2/client.go:313.2,313.51 1 11
github.com/ingresso-group/goticketswitch.v2/client.go:317.2,317.24 1 11
github.com/ingresso-group/goticketswitch.v2/client.go:321.2,321.28 1 11
github.com/ingresso-group/goticketswitch.v2/client.go:325.2,325.39 1 11
github.com/ingresso-group/goticketswitch.v2/client.go:329.2,329.40 1 11
github.com/ingresso-group/goticketswitch.v2/client.go:333.2,333.15 1 11
github.com/ingresso-group/goticketswitch.v2/client.go:297.30,299.3 1 2
github.com/ingresso-group/goticketswitch.v2/client.go:301.65,303.3 1 1
github.com/ingresso-group/goticketswitch.v2/client.go:305.30,307.3 1 1
github.com/ingresso-group/goticketswitch.v2/client.go:309.27,311.3 1 1
github.com/ingresso-group/goticketswitch.v2/client.go:313.51,315.3 1 1
github.com/ingresso-group/goticketswitch.v2/client.go:317.24,319.3 1 1
github.com/ingresso-group/goticketswitch.v2/client.go:321.28,323.3 1 1
github.com/ingresso-group/goticketswitch.v2/client.go:325.39,327.3 1 1
github.com/ingresso-group/goticketswitch.v2/client.go:329.40,331.3 1 1
github.com/ingresso-group/goticketswitch.v2/client.go:338.109,340.19 2 3
github.com/ingresso-group/goticketswitch.v2/client.go:344.2,345.16 2 3
github.com/ingresso-group/goticketswitch.v2/client.go:348.2,353.16 5 2
github.com/ingresso-group/goticketswitch.v2/client.go:357.2,358.9 2 1
github.com/ingresso-group/goticketswitch.v2/client.go:362.2,365.16 3 1
github.com/ingresso-group/goticketswitch.v2/client.go:369.2,371.8 2 1
github.com/ingresso-group/goticketswitch.v2/client.go:381.2,381.22 1 1
github.com/ingresso-group/goticketswitch.v2/client.go:340.19,342.3 1 1
github.com/ingresso-group/goticketswitch.v2/client.go:345.16,347.3 1 1
github.com/ingresso-group/goticketswitch.v2/client.go:353.16,355.3 1 1
github.com/ingresso-group/goticketswitch.v2/client.go:358.9,360.3 1 0
github.com/ingresso-group/goticketswitch.v2/client.go:365.16,367.3 1 0
github.com/ingresso-group/goticketswitch.v2/client.go:371.8,375.17 3 1
github.com/ingresso-group/goticketswitch.v2/client.go:378.3,378.34 1 1
github.com/ingresso-group/goticketswitch.v2/client.go:375.17,377.4 1 0
github.com/ingresso-group/goticketswitch.v2/client.go:393.125,395.19 2 2
github.com/ingresso-group/goticketswitch.v2/client.go:399.2,402.16 3 2
github.com/ingresso-group/goticketswitch.v2/client.go:405.2,410.16 5 2
github.com/ingresso-group/goticketswitch.v2/client.go:414.2,415.39 2 2
github.com/ingresso-group/goticketswitch.v2/client.go:419.2,419.20 1 2
github.com/ingresso-group/goticketswitch.v2/client.go:395.19,397.3 1 0
github.com/ingresso-group/goticketswitch.v2/client.go:402.16,404.3 1 0
github.com/ingresso-group/goticketswitch.v2/client.go:410.16,412.3 1 0
github.com/ingresso-group/goticketswitch.v2/client.go:415.39,417.3 1 4
github.com/ingresso-group/goticketswitch.v2/client.go:427.110,430.16 2 1
github.com/ingresso-group/goticketswitch.v2/client.go:434.2,435.9 2 1
github.com/ingresso-group/goticketswitch.v2/client.go:439.2,439.19 1 1
github.com/ingresso-group/goticketswitch.v2/client.go:430.16,432.3 1 0
github.com/ingresso-group/goticketswitch.v2/client.go:435.9,437.3 1 0
github.com/ingresso-group/goticketswitch.v2/client.go:453.66,456.26 2 10
github.com/ingresso-group/goticketswitch.v2/client.go:460.2,460.65 1 10
github.com/ingresso-group/goticketswitch.v2/client.go:464.2,464.40 1 10
github.com/ingresso-group/goticketswitch.v2/client.go:468.2,468.39 1 10
github.com/ingresso-group/goticketswitch.v2/client.go:472.2,472.15 1 10
github.com/ingresso-group/goticketswitch.v2/client.go:456.26,458.3 1 6
github.com/ingresso-group/goticketswitch.v2/client.go:460.65,462.3 1 3
github.com/ingresso-group/goticketswitch.v2/client.go:464.40,466.3 1 1
github.com/ingresso-group/goticketswitch.v2/client.go:468.39,470.3 1 1
github.com/ingresso-group/goticketswitch.v2/client.go:476.127,478.19 2 3
github.com/ingresso-group/goticketswitch.v2/client.go:482.2,483.16 2 3
github.com/ingresso-group/goticketswitch.v2/client.go:486.2,491.16 5 2
github.com/ingresso-group/goticketswitch.v2/client.go:495.2,495.26 1 2
github.com/ingresso-group/goticketswitch.v2/client.go:478.19,480.3 1 2
github.com/ingresso-group/goticketswitch.v2/client.go:483.16,485.3 1 1
github.com/ingresso-group/goticketswitch.v2/client.go:491.16,493.3 1 0
github.com/ingresso-group/goticketswitch.v2/client.go:499.135,501.19 2 3
github.com/ingresso-group/goticketswitch.v2/client.go:505.2,506.16 2 3
github.com/ingresso-group/goticketswitch.v2/client.go:509.2,514.16 5 3
github.com/ingresso-group/goticketswitch.v2/client.go:517.2,517.26 1 3
github.com/ingresso-group/goticketswitch.v2/client.go:501.19,503.3 1 3
github.com/ingresso-group/goticketswitch.v2/client.go:506.16,508.3 1 0
github.com/ingresso-group/goticketswitch.v2/client.go:514.16,516.3 1 0
github.com/ingresso-group/goticketswitch.v2/client.go:521.133,523.19 2 1
github.com/ingresso-group/goticketswitch.v2/client.go:526.2,529.16 3 1
github.com/ingresso-group/goticketswitch.v2/client.go:532.2,537.16 5 1
github.com/ingresso-group/goticketswitch.v2/client.go:541.2,541.22 1 1
github.com/ingresso-group/goticketswitch.v2/client.go:523.19,525.3 1 1
github.com/ingresso-group/goticketswitch.v2/client.go:529.16,531.3 1 0
github.com/ingresso-group/goticketswitch.v2/client.go:537.16,539.3 1 0
github.com/ingresso-group/goticketswitch.v2/client.go:545.166,547.19 2 1
github.com/ingresso-group/goticketswitch.v2/client.go:550.2,555.16 5 1
github.com/ingresso-group/goticketswitch.v2/client.go:558.2,563.16 5 1
github.com/ingresso-group/goticketswitch.v2/client.go:567.2,567.22 1 1
github.com/ingresso-group/goticketswitch.v2/client.go:547.19,549.3 1 0
github.com/ingresso-group/goticketswitch.v2/client.go:555.16,557.3 1 0
github.com/ingresso-group/goticketswitch.v2/client.go:563.16,565.3 1 0
github.com/ingresso-group/goticketswitch.v2/client.go:572.104,574.19 2 3
github.com/ingresso-group/goticketswitch.v2/client.go:578.2,579.16 2 3
github.com/ingresso-group/goticketswitch.v2/client.go:582.2,587.16 5 2
github.com/ingresso-group/goticketswitch.v2/client.go:591.2,593.27 2 2
github.com/ingresso-group/goticketswitch.v2/client.go:574.19,576.3 1 2
github.com/ingresso-group/goticketswitch.v2/client.go:579.16,581.3 1 1
github.com/ingresso-group/goticketswitch.v2/client.go:587.16,589.3 1 0
github.com/ingresso-group/goticketswitch.v2/client.go:598.126,600.19 2 1
github.com/ingresso-group/goticketswitch.v2/client.go:603.2,606.16 3 1
github.com/ingresso-group/goticketswitch.v2/client.go:609.2,614.16 5 1
github.com/ingresso-group/goticketswitch.v2/client.go:618.2,618.22 1 1
github.com/ingresso-group/goticketswitch.v2/client.go:600.19,602.3 1 0
github.com/ingresso-group/goticketswitch.v2/client.go:606.16,608.3 1 0
github.com/ingresso-group/goticketswitch.v2/client.go:614.16,616.3 1 0
github.com/ingresso-group/goticketswitch.v2/client.go:622.119,626.16 3 2
github.com/ingresso-group/goticketswitch.v2/client.go:629.2,634.16 5 2
github.com/ingresso-group/goticketswitch.v2/client.go:638.2,638.26 1 2
github.com/ingresso-group/goticketswitch.v2/client.go:626.16,628.3 1 0
github.com/ingresso-group/goticketswitch.v2/client.go:634.16,636.3 1 0
github.com/ingresso-group/goticketswitch.v2/client.go:649.61,654.39 2 4
github.com/ingresso-group/goticketswitch.v2/client.go:657.2,657.15 1 4
github.com/ingresso-group/goticketswitch.v2/client.go:654.39,656.3 1 1
github.com/ingresso-group/goticketswitch.v2/client.go:663.116,667.16 3 2
github.com/ingresso-group/goticketswitch.v2/client.go:670.2,674.47 4 2
github.com/ingresso-group/goticketswitch.v2/client.go:678.2,680.9 2 2
github.com/ingresso-group/goticketswitch.v2/client.go:684.2,684.21 1 2
github.com/ingresso-group/goticketswitch.v2/client.go:667.16,669.3 1 0
github.com/ingresso-group/goticketswitch.v2/client.go:674.47,676.3 1 0
github.com/ingresso-group/goticketswitch.v2/client.go:680.9,682.3 1 1
github.com/ingresso-group/goticketswitch.v2/client.go:704.62,709.33 2 3
github.com/ingresso-group/goticketswitch.v2/client.go:713.2,713.34 1 3
github.com/ingresso-group/goticketswitch.v2/client.go:717.2,717.45 1 3
github.com/ingresso-group/goticketswitch.v2/client.go:721.2,721.33 1 3
github.com/ingresso-group/goticketswitch.v2/client.go:726.2,726.39 1 3
github.com/ingresso-group/goticketswitch.v2/client.go:729.2,729.15 1 3
github.com/ingresso-group/goticketswitch.v2/client.go:709.33,711.3 1 1
github.com/ingresso-group/goticketswitch.v2/client.go:713.34,715.3 1 1
github.com/ingresso-group/goticketswitch.v2/client.go:717.45,719.3 1 54
github.com/ingresso-group/goticketswitch.v2/client.go:721.33,722.58 1 1
github.com/ingresso-group/goticketswitch.v2/client.go:722.58,724.4 1 2
github.com/ingresso-group/goticketswitch.v2/client.go:726.39,728.3 1 1
github.com/ingresso-group/goticketswitch.v2/client.go:734.114,738.16 3 1
github.com/ingresso-group/goticketswitch.v2/client.go:741.2,746.16 5 1
github.com/ingresso-group/goticketswitch.v2/client.go:750.2,750.21 1 1
github.com/ingresso-group/goticketswitch.v2/client.go:738.16,740.3 1 0
github.com/ingresso-group/goticketswitch.v2/client.go:746.16,748.3 1 0
github.com/ingresso-group/goticketswitch.v2/client.go:754.104,756.19 2 1
github.com/ingresso-group/goticketswitch.v2/client.go:760.2,761.16 2 1
github.com/ingresso-group/goticketswitch.v2/client.go:764.2,769.16 5 1
github.com/ingresso-group/goticketswitch.v2/client.go:773.2,773.21 1 1
github.com/ingresso-group/goticketswitch.v2/client.go:756.19,758.3 1 1
github.com/ingresso-group/goticketswitch.v2/client.go:761.16,763.3 1 0
github.com/ingresso-group/goticketswitch.v2/client.go:769.16,771.3 1 0
github.com/ingresso-group/goticketswitch.v2/client.go:784.46,786.30 2 7
github.com/ingresso-group/goticketswitch.v2/client.go:789.2,789.39 1 7
github.com/ingresso-group/goticketswitch.v2/client.go:786.30,788.3 1 15
github.com/ingresso-group/goticketswitch.v2/client.go:793.62,797.37 2 3
github.com/ingresso-group/goticketswitch.v2/client.go:801.2,801.39 1 3
github.com/ingresso-group/goticketswitch.v2/client.go:804.2,804.15 1 3
github.com/ingresso-group/goticketswitch.v2/client.go:797.37,799.3 1 3
github.com/ingresso-group/goticketswitch.v2/client.go:801.39,803.3 1 0
github.com/ingresso-group/goticketswitch.v2/client.go:808.108,810.19 2 3
github.com/ingresso-group/goticketswitch.v2/client.go:813.2,814.16 2 3
github.com/ingresso-group/goticketswitch.v2/client.go:817.2,822.16 5 2
github.com/ingresso-group/goticketswitch.v2/client.go:826.2,826.21 1 1
github.com/ingresso-group/goticketswitch.v2/client.go:810.19,812.3 1 3
github.com/ingresso-group/goticketswitch.v2/client.go:814.16,816.3 1 1
github.com/ingresso-group/goticketswitch.v2/client.go:822.16,824.3 1 1
github.com/ingresso-group/goticketswitch.v2/client.go:831.87,832.48 1 4
github.com/ingresso-group/goticketswitch.v2/client.go:835.2,838.12 4 3
github.com/ingresso-group/goticketswitch.v2/client.go:832.48,834.3 1 1
github.com/ingresso-group/goticketswitch.v2/request.go:20.69,30.2 2 47
github.com/ingresso-group/goticketswitch.v2/request.go:33.57,34.27 1 18
github.com/ingresso-group/goticketswitch.v2/request.go:34.27,36.3 1 24
