mode: atomic
github.com/ingresso-group/goticketswitch.v2/geo.go:16.51,23.2 3 10
github.com/ingresso-group/goticketswitch.v2/geo.go:27.66,33.2 2 1
github.com/ingresso-group/goticketswitch.v2/geo.go:36.34,37.22 1 8
github.com/ingresso-group/goticketswitch.v2/geo.go:41.2,41.45 1 6
github.com/ingresso-group/goticketswitch.v2/geo.go:45.2,45.47 1 4
github.com/ingresso-group/goticketswitch.v2/geo.go:49.2,49.13 1 2
github.com/ingresso-group/goticketswitch.v2/geo.go:37.22,39.3 1 2
github.com/ingresso-group/goticketswitch.v2/geo.go:41.45,43.3 1 2
github.com/ingresso-group/goticketswitch.v2/geo.go:45.47,47.3 1 2
github.com/ingresso-group/goticketswitch.v2/geo.go:54.36,56.2 1 3
github.com/ingresso-group/goticketswitch.v2/reservation.go:44.65,52.36 6 4
github.com/ingresso-group/goticketswitch.v2/reservation.go:56.2,56.44 1 4
github.com/ingresso-group/goticketswitch.v2/reservation.go:60.2,60.40 1 4
github.com/ingresso-group/goticketswitch.v2/reservation.go:64.2,64.56 1 4
github.com/ingresso-group/goticketswitch.v2/reservation.go:68.2,68.31 1 4
github.com/ingresso-group/goticketswitch.v2/reservation.go:72.2,72.27 1 4
github.com/ingresso-group/goticketswitch.v2/reservation.go:76.2,76.39 1 4
github.com/ingresso-group/goticketswitch.v2/reservation.go:80.2,80.15 1 4
github.com/ingresso-group/goticketswitch.v2/reservation.go:52.36,54.3 1 1
github.com/ingresso-group/goticketswitch.v2/reservation.go:56.44,58.3 1 6
github.com/ingresso-group/goticketswitch.v2/reservation.go:60.40,62.3 1 5
github.com/ingresso-group/goticketswitch.v2/reservation.go:64.56,66.3 1 1
github.com/ingresso-group/goticketswitch.v2/reservation.go:68.31,70.3 1 1
github.com/ingresso-group/goticketswitch.v2/reservation.go:72.27,74.3 1 1
github.com/ingresso-group/goticketswitch.v2/reservation.go:76.39,78.3 1 0
github.com/ingresso-group/goticketswitch.v2/config.go:14.47,20.2 1 0
github.com/ingresso-group/goticketswitch.v2/error.go:20.33,22.2 1 2
github.com/ingresso-group/goticketswitch.v2/error.go:24.47,26.40 2 9
github.com/ingresso-group/goticketswitch.v2/error.go:29.2,31.16 3 9
github.com/ingresso-group/goticketswitch.v2/error.go:35.2,35.34 1 9
github.com/ingresso-group/goticketswitch.v2/error.go:38.2,38.95 1 9
github.com/ingresso-group/goticketswitch.v2/error.go:41.2,41.12 1 1
github.com/ingresso-group/goticketswitch.v2/error.go:26.40,28.3 1 1
github.com/ingresso-group/goticketswitch.v2/error.go:31.16,33.3 1 0
github.com/ingresso-group/goticketswitch.v2/error.go:35.34,37.3 1 2
github.com/ingresso-group/goticketswitch.v2/error.go:38.95,40.3 1 8
github.com/ingresso-group/goticketswitch.v2/utils.go:18.45,21.18 3 7
github.com/ingresso-group/goticketswitch.v2/utils.go:24.2,24.16 1 7
github.com/ingresso-group/goticketswitch.v2/utils.go:28.2,30.16 2 7
github.com/ingresso-group/goticketswitch.v2/utils.go:34.2,34.25 1 6
github.com/ingresso-group/goticketswitch.v2/utils.go:21.18,23.3 1 7
github.com/ingresso-group/goticketswitch.v2/utils.go:24.16,26.3 1 0
github.com/ingresso-group/goticketswitch.v2/utils.go:30.16,32.3 1 1
github.com/ingresso-group/goticketswitch.v2/utils.go:39.43,40.34 1 25
github.com/ingresso-group/goticketswitch.v2/utils.go:44.2,45.20 2 7
github.com/ingresso-group/goticketswitch.v2/utils.go:48.2,49.18 2 7
github.com/ingresso-group/goticketswitch.v2/utils.go:52.2,52.21 1 7
github.com/ingresso-group/goticketswitch.v2/utils.go:40.34,42.3 1 18
github.com/ingresso-group/goticketswitch.v2/utils.go:45.20,47.3 1 6
github.com/ingresso-group/goticketswitch.v2/utils.go:49.18,51.3 1 6
github.com/ingresso-group/goticketswitch.v2/request.go:20.69,30.2 2 47
github.com/ingresso-group/goticketswitch.v2/request.go:33.57,34.27 1 18
github.com/ingresso-group/goticketswitch.v2/request.go:34.27,36.3 1 24
github.com/ingresso-group/goticketswitch.v2/availability.go:72.65,75.30 2 1
github.com/ingresso-group/goticketswitch.v2/availability.go:79.2,79.22 1 1
github.com/ingresso-group/goticketswitch.v2/availability.go:83.2,83.25 1 1
github.com/ingresso-group/goticketswitch.v2/availability.go:87.2,87.23 1 1
github.com/ingresso-group/goticketswitch.v2/availability.go:91.2,91.27 1 1
github.com/ingresso-group/goticketswitch.v2/availability.go:95.2,95.39 1 1
github.com/ingresso-group/goticketswitch.v2/availability.go:99.2,99.15 1 1
github.com/ingresso-group/goticketswitch.v2/availability.go:75.30,77.3 1 1
github.com/ingresso-group/goticketswitch.v2/availability.go:79.22,81.3 1 1
github.com/ingresso-group/goticketswitch.v2/availability.go:83.25,85.3 1 0
github.com/ingresso-group/goticketswitch.v2/availability.go:87.23,89.3 1 0
github.com/ingresso-group/goticketswitch.v2/availability.go:91.27,93.3 1 0
github.com/ingresso-group/goticketswitch.v2/availability.go:95.39,97.3 1 0
github.com/ingresso-group/goticketswitch.v2/cancellation.go:15.59,17.38 1 3
github.com/ingresso-group/goticketswitch.v2/cancellation.go:20.2,20.48 1 2
github.com/ingresso-group/goticketswitch.v2/cancellation.go:28.2,28.13 1 1
github.com/ingresso-group/goticketswitch.v2/cancellation.go:17.38,19.3 1 1
github.com/ingresso-group/goticketswitch.v2/cancellation.go:20.48,21.43 1 2
github.com/ingresso-group/goticketswitch.v2/cancellation.go:21.43,23.58 1 3
github.com/ingresso-group/goticketswitch.v2/cancellation.go:23.58,25.5 1 1
github.com/ingresso-group/goticketswitch.v2/context.go:14.83,16.2 1 3
github.com/ingresso-group/goticketswitch.v2/context.go:19.63,22.2 2 41
github.com/ingresso-group/goticketswitch.v2/customer.go:26.54,48.41 2 5
github.com/ingresso-group/goticketswitch.v2/customer.go:51.2,51.37 1 5
github.com/ingresso-group/goticketswitch.v2/customer.go:54.2,54.38 1 5
github.com/ingresso-group/goticketswitch.v2/customer.go:58.2,58.15 1 5
github.com/ingresso-group/goticketswitch.v2/customer.go:48.41,50.3 1 1
github.com/ingresso-group/goticketswitch.v2/customer.go:51.37,53.3 1 1
github.com/ingresso-group/goticketswitch.v2/customer.go:54.38,56.3 1 1
github.com/ingresso-group/goticketswitch.v2/client.go:51.40,57.2 2 48
github.com/ingresso-group/goticketswitch.v2/client.go:59.60,62.16 2 47
github.com/ingresso-group/goticketswitch.v2/client.go:66.2,68.30 2 45
github.com/ingresso-group/goticketswitch.v2/client.go:74.2,74.37 1 45
github.com/ingresso-group/goticketswitch.v2/client.go:82.2,82.33 1 44
github.com/ingresso-group/goticketswitch.v2/client.go:86.2,88.15 3 44
github.com/ingresso-group/goticketswitch.v2/client.go:62.16,64.3 1 2
github.com/ingresso-group/goticketswitch.v2/client.go:68.30,69.24 1 31
github.com/ingresso-group/goticketswitch.v2/client.go:69.24,71.4 1 32
github.com/ingresso-group/goticketswitch.v2/client.go:74.37,75.31 1 2
github.com/ingresso-group/goticketswitch.v2/client.go:78.3,79.51 2 1
github.com/ingresso-group/goticketswitch.v2/client.go:75.31,77.4 1 1
github.com/ingresso-group/goticketswitch.v2/client.go:82.33,84.3 1 1
github.com/ingresso-group/goticketswitch.v2/client.go:91.50,94.2 2 41
github.com/ingresso-group/goticketswitch.v2/client.go:96.73,97.34 1 44
github.com/ingresso-group/goticketswitch.v2/client.go:101.2,101.37 1 44
github.com/ingresso-group/goticketswitch.v2/client.go:113.2,114.8 2 41
github.com/ingresso-group/goticketswitch.v2/client.go:117.2,117.12 1 41
github.com/ingresso-group/goticketswitch.v2/client.go:97.34,99.3 1 7
github.com/ingresso-group/goticketswitch.v2/client.go:101.37,102.31 1 44
github.com/ingresso-group/goticketswitch.v2/client.go:105.3,105.35 1 42
github.com/ingresso-group/goticketswitch.v2/client.go:109.3,109.96 1 41
github.com/ingresso-group/goticketswitch.v2/client.go:102.31,104.4 1 2
github.com/ingresso-group/goticketswitch.v2/client.go:105.35,107.4 1 1
github.com/ingresso-group/goticketswitch.v2/client.go:114.8,116.3 1 4
github.com/ingresso-group/goticketswitch.v2/client.go:121.94,123.16 2 41
github.com/ingresso-group/goticketswitch.v2/client.go:126.2,127.16 2 40
github.com/ingresso-group/goticketswitch.v2/client.go:131.2,132.21 2 39
github.com/ingresso-group/goticketswitch.v2/client.go:141.2,142.16 2 38
github.com/ingresso-group/goticketswitch.v2/client.go:145.2,149.16 4 37
github.com/ingresso-group/goticketswitch.v2/client.go:153.2,153.28 1 33
github.com/ingresso-group/goticketswitch.v2/client.go:158.2,158.18 1 28
github.com/ingresso-group/goticketswitch.v2/client.go:123.16,125.3 1 1
github.com/ingresso-group/goticketswitch.v2/client.go:127.16,129.3 1 1
github.com/ingresso-group/goticketswitch.v2/client.go:132.21,134.18 2 7
github.com/ingresso-group/goticketswitch.v2/client.go:137.3,138.53 2 6
github.com/ingresso-group/goticketswitch.v2/client.go:134.18,136.4 1 1
github.com/ingresso-group/goticketswitch.v2/client.go:142.16,144.3 1 1
github.com/ingresso-group/goticketswitch.v2/client.go:149.16,151.3 1 4
github.com/ingresso-group/goticketswitch.v2/client.go:153.28,156.3 2 5
github.com/ingresso-group/goticketswitch.v2/client.go:162.64,165.16 3 5
github.com/ingresso-group/goticketswitch.v2/client.go:168.2,173.16 5 3
github.com/ingresso-group/goticketswitch.v2/client.go:177.2,177.19 1 1
github.com/ingresso-group/goticketswitch.v2/client.go:165.16,167.3 1 2
github.com/ingresso-group/goticketswitch.v2/client.go:173.16,175.3 1 2
github.com/ingresso-group/goticketswitch.v2/client.go:200.62,203.25 2 57
github.com/ingresso-group/goticketswitch.v2/client.go:206.2,206.41 1 57
github.com/ingresso-group/goticketswitch.v2/client.go:210.2,210.22 1 57
github.com/ingresso-group/goticketswitch.v2/client.go:213.2,213.20 1 57
github.com/ingresso-group/goticketswitch.v2/client.go:216.2,216.18 1 57
github.com/ingresso-group/goticketswitch.v2/client.go:228.2,228.22 1 57
github.com/ingresso-group/goticketswitch.v2/client.go:231.2,231.27 1 57
github.com/ingresso-group/goticketswitch.v2/client.go:235.2,235.27 1 57
github.com/ingresso-group/goticketswitch.v2/client.go:239.2,239.25 1 57
github.com/ingresso-group/goticketswitch.v2/client.go:243.2,243.26 1 57
github.com/ingresso-group/goticketswitch.v2/client.go:247.2,247.26 1 57
github.com/ingresso-group/goticketswitch.v2/client.go:251.2,251.29 1 57
github.com/ingresso-group/goticketswitch.v2/client.go:254.2,254.23 1 57
github.com/ingresso-group/goticketswitch.v2/client.go:257.2,257.29 1 57
github.com/ingresso-group/goticketswitch.v2/client.go:261.2,261.34 1 57
github.com/ingresso-group/goticketswitch.v2/client.go:264.2,264.10 1 57
github.com/ingresso-group/goticketswitch.v2/client.go:203.25,205.3 1 1
github.com/ingresso-group/goticketswitch.v2/client.go:206.41,209.3 2 1
github.com/ingresso-group/goticketswitch.v2/client.go:210.22,212.3 1 1
github.com/ingresso-group/goticketswitch.v2/client.go:213.20,215.3 1 1
github.com/ingresso-group/goticketswitch.v2/client.go:216.18,227.3 10 1
github.com/ingresso-group/goticketswitch.v2/client.go:228.22,230.3 1 1
github.com/ingresso-group/goticketswitch.v2/client.go:231.27,234.3 2 1
github.com/ingresso-group/goticketswitch.v2/client.go:235.27,238.3 2 1
github.com/ingresso-group/goticketswitch.v2/client.go:239.25,242.3 2 1
github.com/ingresso-group/goticketswitch.v2/client.go:243.26,246.3 2 1
github.com/ingresso-group/goticketswitch.v2/client.go:247.26,250.3 2 1
github.com/ingresso-group/goticketswitch.v2/client.go:251.29,253.3 1 1
github.com/ingresso-group/goticketswitch.v2/client.go:254.23,256.3 1 3
github.com/ingresso-group/goticketswitch.v2/client.go:257.29,259.3 1 5
github.com/ingresso-group/goticketswitch.v2/client.go:261.34,263.3 1 2
github.com/ingresso-group/goticketswitch.v2/client.go:275.64,277.27 2 23
github.com/ingresso-group/goticketswitch.v2/client.go:280.2,280.27 1 23
github.com/ingresso-group/goticketswitch.v2/client.go:283.2,283.10 1 23
github.com/ingresso-group/goticketswitch.v2/client.go:277.27,279.3 1 3
github.com/ingresso-group/goticketswitch.v2/client.go:280.27,282.3 1 1
github.com/ingresso-group/goticketswitch.v2/client.go:301.60,304.30 2 11
github.com/ingresso-group/goticketswitch.v2/client.go:308.2,308.65 1 11
github.com/ingresso-group/goticketswitch.v2/client.go:312.2,312.30 1 11
github.com/ingresso-group/goticketswitch.v2/client.go:316.2,316.27 1 11
github.com/ingresso-group/goticketswitch.v2/client.go:320.2,320.51 1 11
github.com/ingresso-group/goticketswitch.v2/client.go:324.2,324.24 1 11
github.com/ingresso-group/goticketswitch.v2/client.go:328.2,328.28 1 11
github.com/ingresso-group/goticketswitch.v2/client.go:332.2,332.39 1 11
github.com/ingresso-group/goticketswitch.v2/client.go:336.2,336.40 1 11
github.com/ingresso-group/goticketswitch.v2/client.go:340.2,340.15 1 11
github.com/ingresso-group/goticketswitch.v2/client.go:304.30,306.3 1 2
github.com/ingresso-group/goticketswitch.v2/client.go:308.65,310.3 1 1
github.com/ingresso-group/goticketswitch.v2/client.go:312.30,314.3 1 1
github.com/ingresso-group/goticketswitch.v2/client.go:316.27,318.3 1 1
github.com/ingresso-group/goticketswitch.v2/client.go:320.51,322.3 1 1
github.com/ingresso-group/goticketswitch.v2/client.go:324.24,326.3 1 1
github.com/ingresso-group/goticketswitch.v2/client.go:328.28,330.3 1 1
github.com/ingresso-group/goticketswitch.v2/client.go:332.39,334.3 1 1
github.com/ingresso-group/goticketswitch.v2/client.go:336.40,338.3 1 1
github.com/ingresso-group/goticketswitch.v2/client.go:344.109,346.19 2 3
github.com/ingresso-group/goticketswitch.v2/client.go:350.2,351.16 2 3
github.com/ingresso-group/goticketswitch.v2/client.go:354.2,359.16 5 2
github.com/ingresso-group/goticketswitch.v2/client.go:363.2,364.9 2 1
github.com/ingresso-group/goticketswitch.v2/client.go:368.2,371.16 3 1
github.com/ingresso-group/goticketswitch.v2/client.go:375.2,377.8 2 1
github.com/ingresso-group/goticketswitch.v2/client.go:387.2,387.22 1 1
github.com/ingresso-group/goticketswitch.v2/client.go:346.19,348.3 1 1
github.com/ingresso-group/goticketswitch.v2/client.go:351.16,353.3 1 1
github.com/ingresso-group/goticketswitch.v2/client.go:359.16,361.3 1 1
github.com/ingresso-group/goticketswitch.v2/client.go:364.9,366.3 1 0
github.com/ingresso-group/goticketswitch.v2/client.go:371.16,373.3 1 0
github.com/ingresso-group/goticketswitch.v2/client.go:377.8,381.17 3 1
github.com/ingresso-group/goticketswitch.v2/client.go:384.3,384.34 1 1
github.com/ingresso-group/goticketswitch.v2/client.go:381.17,383.4 1 0
github.com/ingresso-group/goticketswitch.v2/client.go:399.125,401.19 2 2
github.com/ingresso-group/goticketswitch.v2/client.go:405.2,408.16 3 2
github.com/ingresso-group/goticketswitch.v2/client.go:411.2,416.16 5 2
github.com/ingresso-group/goticketswitch.v2/client.go:420.2,421.39 2 2
github.com/ingresso-group/goticketswitch.v2/client.go:425.2,425.20 1 2
github.com/ingresso-group/goticketswitch.v2/client.go:401.19,403.3 1 0
github.com/ingresso-group/goticketswitch.v2/client.go:408.16,410.3 1 0
github.com/ingresso-group/goticketswitch.v2/client.go:416.16,418.3 1 0
github.com/ingresso-group/goticketswitch.v2/client.go:421.39,423.3 1 4
github.com/ingresso-group/goticketswitch.v2/client.go:433.110,436.16 2 1
github.com/ingresso-group/goticketswitch.v2/client.go:440.2,441.9 2 1
github.com/ingresso-group/goticketswitch.v2/client.go:445.2,445.19 1 1
github.com/ingresso-group/goticketswitch.v2/client.go:436.16,438.3 1 0
github.com/ingresso-group/goticketswitch.v2/client.go:441.9,443.3 1 0
github.com/ingresso-group/goticketswitch.v2/client.go:459.66,462.26 2 10
github.com/ingresso-group/goticketswitch.v2/client.go:466.2,466.65 1 10
github.com/ingresso-group/goticketswitch.v2/client.go:470.2,470.40 1 10
github.com/ingresso-group/goticketswitch.v2/client.go:474.2,474.39 1 10
github.com/ingresso-group/goticketswitch.v2/client.go:478.2,478.15 1 10
github.com/ingresso-group/goticketswitch.v2/client.go:462.26,464.3 1 6
github.com/ingresso-group/goticketswitch.v2/client.go:466.65,468.3 1 3
github.com/ingresso-group/goticketswitch.v2/client.go:470.40,472.3 1 1
github.com/ingresso-group/goticketswitch.v2/client.go:474.39,476.3 1 1
github.com/ingresso-group/goticketswitch.v2/client.go:484.127,486.19 2 3
github.com/ingresso-group/goticketswitch.v2/client.go:490.2,491.16 2 3
github.com/ingresso-group/goticketswitch.v2/client.go:494.2,499.16 5 2
github.com/ingresso-group/goticketswitch.v2/client.go:503.2,503.26 1 2
github.com/ingresso-group/goticketswitch.v2/client.go:486.19,488.3 1 2
github.com/ingresso-group/goticketswitch.v2/client.go:491.16,493.3 1 1
github.com/ingresso-group/goticketswitch.v2/client.go:499.16,501.3 1 0
github.com/ingresso-group/goticketswitch.v2/client.go:509.135,511.19 2 3
github.com/ingresso-group/goticketswitch.v2/client.go:515.2,516.16 2 3
github.com/ingresso-group/goticketswitch.v2/client.go:519.2,524.16 5 3
github.com/ingresso-group/goticketswitch.v2/client.go:527.2,527.26 1 3
github.com/ingresso-group/goticketswitch.v2/client.go:511.19,513.3 1 3
github.com/ingresso-group/goticketswitch.v2/client.go:516.16,518.3 1 0
github.com/ingresso-group/goticketswitch.v2/client.go:524.16,526.3 1 0
github.com/ingresso-group/goticketswitch.v2/client.go:533.133,535.19 2 1
github.com/ingresso-group/goticketswitch.v2/client.go:538.2,541.16 3 1
github.com/ingresso-group/goticketswitch.v2/client.go:544.2,549.16 5 1
github.com/ingresso-group/goticketswitch.v2/client.go:553.2,553.22 1 1
github.com/ingresso-group/goticketswitch.v2/client.go:535.19,537.3 1 1
github.com/ingresso-group/goticketswitch.v2/client.go:541.16,543.3 1 0
github.com/ingresso-group/goticketswitch.v2/client.go:549.16,551.3 1 0
github.com/ingresso-group/goticketswitch.v2/client.go:557.152,559.19 2 1
github.com/ingresso-group/goticketswitch.v2/client.go:562.2,567.16 5 1
github.com/ingresso-group/goticketswitch.v2/client.go:570.2,575.16 5 1
github.com/ingresso-group/goticketswitch.v2/client.go:579.2,579.22 1 1
github.com/ingresso-group/goticketswitch.v2/client.go:559.19,561.3 1 0
github.com/ingresso-group/goticketswitch.v2/client.go:567.16,569.3 1 0
github.com/ingresso-group/goticketswitch.v2/client.go:575.16,577.3 1 0
github.com/ingresso-group/goticketswitch.v2/client.go:584.104,586.19 2 3
github.com/ingresso-group/goticketswitch.v2/client.go:590.2,591.16 2 3
github.com/ingresso-group/goticketswitch.v2/client.go:594.2,599.16 5 2
github.com/ingresso-group/goticketswitch.v2/client.go:603.2,605.27 2 2
github.com/ingresso-group/goticketswitch.v2/client.go:586.19,588.3 1 2
github.com/ingresso-group/goticketswitch.v2/client.go:591.16,593.3 1 1
github.com/ingresso-group/goticketswitch.v2/client.go:599.16,601.3 1 0
github.com/ingresso-group/goticketswitch.v2/client.go:611.126,613.19 2 1
github.com/ingresso-group/goticketswitch.v2/client.go:616.2,619.16 3 1
github.com/ingresso-group/goticketswitch.v2/client.go:622.2,627.16 5 1
github.com/ingresso-group/goticketswitch.v2/client.go:631.2,631.22 1 1
github.com/ingresso-group/goticketswitch.v2/client.go:613.19,615.3 1 0
github.com/ingresso-group/goticketswitch.v2/client.go:619.16,621.3 1 0
github.com/ingresso-group/goticketswitch.v2/client.go:627.16,629.3 1 0
github.com/ingresso-group/goticketswitch.v2/client.go:635.119,639.16 3 2
github.com/ingresso-group/goticketswitch.v2/client.go:642.2,647.16 5 2
github.com/ingresso-group/goticketswitch.v2/client.go:651.2,651.26 1 2
github.com/ingresso-group/goticketswitch.v2/client.go:639.16,641.3 1 0
github.com/ingresso-group/goticketswitch.v2/client.go:647.16,649.3 1 0
github.com/ingresso-group/goticketswitch.v2/client.go:662.61,667.39 2 4
github.com/ingresso-group/goticketswitch.v2/client.go:670.2,670.15 1 4
github.com/ingresso-group/goticketswitch.v2/client.go:667.39,669.3 1 1
github.com/ingresso-group/goticketswitch.v2/client.go:675.116,679.16 3 2
github.com/ingresso-group/goticketswitch.v2/client.go:682.2,686.48 4 2
github.com/ingresso-group/goticketswitch.v2/client.go:690.2,692.9 2 2
github.com/ingresso-group/goticketswitch.v2/client.go:696.2,696.21 1 2
github.com/ingresso-group/goticketswitch.v2/client.go:679.16,681.3 1 0
github.com/ingresso-group/goticketswitch.v2/client.go:686.48,688.3 1 0
github.com/ingresso-group/goticketswitch.v2/client.go:692.9,694.3 1 1
github.com/ingresso-group/goticketswitch.v2/client.go:716.62,721.33 2 3
github.com/ingresso-group/goticketswitch.v2/client.go:725.2,725.34 1 3
github.com/ingresso-group/goticketswitch.v2/client.go:729.2,729.45 1 3
github.com/ingresso-group/goticketswitch.v2/client.go:733.2,733.33 1 3
github.com/ingresso-group/goticketswitch.v2/client.go:738.2,738.39 1 3
github.com/ingresso-group/goticketswitch.v2/client.go:741.2,741.15 1 3
github.com/ingresso-group/goticketswitch.v2/client.go:721.33,723.3 1 1
github.com/ingresso-group/goticketswitch.v2/client.go:725.34,727.3 1 1
github.com/ingresso-group/goticketswitch.v2/client.go:729.45,731.3 1 54
github.com/ingresso-group/goticketswitch.v2/client.go:733.33,734.58 1 1
github.com/ingresso-group/goticketswitch.v2/client.go:734.58,736.4 1 2
github.com/ingresso-group/goticketswitch.v2/client.go:738.39,740.3 1 1
github.com/ingresso-group/goticketswitch.v2/client.go:746.114,750.16 3 1
github.com/ingresso-group/goticketswitch.v2/client.go:753.2,758.16 5 1
github.com/ingresso-group/goticketswitch.v2/client.go:762.2,762.21 1 1
github.com/ingresso-group/goticketswitch.v2/client.go:750.16,752.3 1 0
github.com/ingresso-group/goticketswitch.v2/client.go:758.16,760.3 1 0
github.com/ingresso-group/goticketswitch.v2/client.go:766.104,768.19 2 1
github.com/ingresso-group/goticketswitch.v2/client.go:772.2,773.16 2 1
github.com/ingresso-group/goticketswitch.v2/client.go:776.2,781.16 5 1
github.com/ingresso-group/goticketswitch.v2/client.go:785.2,785.21 1 1
github.com/ingresso-group/goticketswitch.v2/client.go:768.19,770.3 1 1
github.com/ingresso-group/goticketswitch.v2/client.go:773.16,775.3 1 0
github.com/ingresso-group/goticketswitch.v2/client.go:781.16,783.3 1 0
github.com/ingresso-group/goticketswitch.v2/client.go:796.46,798.30 2 7
github.com/ingresso-group/goticketswitch.v2/client.go:801.2,801.39 1 7
github.com/ingresso-group/goticketswitch.v2/client.go:798.30,800.3 1 15
github.com/ingresso-group/goticketswitch.v2/client.go:804.62,808.37 2 3
github.com/ingresso-group/goticketswitch.v2/client.go:812.2,812.39 1 3
github.com/ingresso-group/goticketswitch.v2/client.go:815.2,815.15 1 3
github.com/ingresso-group/goticketswitch.v2/client.go:808.37,810.3 1 3
github.com/ingresso-group/goticketswitch.v2/client.go:812.39,814.3 1 0
github.com/ingresso-group/goticketswitch.v2/client.go:819.108,821.19 2 3
github.com/ingresso-group/goticketswitch.v2/client.go:824.2,825.16 2 3
github.com/ingresso-group/goticketswitch.v2/client.go:828.2,828.15 1 2
github.com/ingresso-group/goticketswitch.v2/client.go:834.2,837.16 4 2
github.com/ingresso-group/goticketswitch.v2/client.go:841.2,841.21 1 1
github.com/ingresso-group/goticketswitch.v2/client.go:821.19,823.3 1 3
github.com/ingresso-group/goticketswitch.v2/client.go:825.16,827.3 1 1
github.com/ingresso-group/goticketswitch.v2/client.go:828.15,829.18 1 2
github.com/ingresso-group/goticketswitch.v2/client.go:829.18,831.4 1 2
github.com/ingresso-group/goticketswitch.v2/client.go:837.16,839.3 1 1
github.com/ingresso-group/goticketswitch.v2/client.go:846.87,847.48 1 4
github.com/ingresso-group/goticketswitch.v2/client.go:850.2,855.15 4 3
github.com/ingresso-group/goticketswitch.v2/client.go:861.2,861.12 1 3
github.com/ingresso-group/goticketswitch.v2/client.go:847.48,849.3 1 1
github.com/ingresso-group/goticketswitch.v2/client.go:855.15,856.18 1 3
github.com/ingresso-group/goticketswitch.v2/client.go:856.18,858.4 1 3
github.com/ingresso-group/goticketswitch.v2/email_check.go:10.60,13.39 2 3
github.com/ingresso-group/goticketswitch.v2/email_check.go:16.2,18.15 2 3
github.com/ingresso-group/goticketswitch.v2/email_check.go:13.39,15.3 1 0
